[  601.425029] Entering into the System Call
[  601.429263] Printing the unsorted array in Kernel Space
[  601.435001] Element number 0 present in kernel memory de6b6c00 = 782
[  601.435014] Element number 1 present in kernel memory de6b6c04 = 566
[  601.441732] Element number 2 present in kernel memory de6b6c08 = 36
[  601.448360] Element number 3 present in kernel memory de6b6c0c = 51
[  601.454953] Element number 4 present in kernel memory de6b6c10 = 740
[  601.461542] Element number 5 present in kernel memory de6b6c14 = 238
[  601.468171] Element number 6 present in kernel memory de6b6c18 = 978
[  601.474844] Element number 7 present in kernel memory de6b6c1c = 255
[  601.481523] Element number 8 present in kernel memory de6b6c20 = 61
[  601.488161] Element number 9 present in kernel memory de6b6c24 = 972
[  601.494747] Element number 10 present in kernel memory de6b6c28 = 625
[  601.501423] Element number 11 present in kernel memory de6b6c2c = 257
[  601.508142] Element number 12 present in kernel memory de6b6c30 = 378
[  601.514910] Element number 13 present in kernel memory de6b6c34 = 474
[  601.521733] Element number 14 present in kernel memory de6b6c38 = 284
[  601.528458] Element number 15 present in kernel memory de6b6c3c = 681
[  601.535239] Element number 16 present in kernel memory de6b6c40 = 239
[  601.542006] Element number 17 present in kernel memory de6b6c44 = 672
[  601.548728] Element number 18 present in kernel memory de6b6c48 = 528
[  601.555494] Element number 19 present in kernel memory de6b6c4c = 178
[  601.562265] Element number 20 present in kernel memory de6b6c50 = 671
[  601.568985] Element number 21 present in kernel memory de6b6c54 = 102
[  601.575757] Element number 22 present in kernel memory de6b6c58 = 609
[  601.582519] Element number 23 present in kernel memory de6b6c5c = 133
[  601.589246] Element number 24 present in kernel memory de6b6c60 = 410
[  601.596007] Element number 25 present in kernel memory de6b6c64 = 343
[  601.602770] Element number 26 present in kernel memory de6b6c68 = 474
[  601.609494] Element number 27 present in kernel memory de6b6c6c = 95
[  601.616252] Element number 28 present in kernel memory de6b6c70 = 261
[  601.622922] Element number 29 present in kernel memory de6b6c74 = 298
[  601.629645] Element number 30 present in kernel memory de6b6c78 = 555
[  601.636424] Element number 31 present in kernel memory de6b6c7c = 43
[  601.643198] Element number 32 present in kernel memory de6b6c80 = 864
[  601.649828] Element number 33 present in kernel memory de6b6c84 = 592
[  601.656609] Element number 34 present in kernel memory de6b6c88 = 446
[  601.663377] Element number 35 present in kernel memory de6b6c8c = 956
[  601.670102] Element number 36 present in kernel memory de6b6c90 = 182
[  601.676870] Element number 37 present in kernel memory de6b6c94 = 425
[  601.683638] Element number 38 present in kernel memory de6b6c98 = 211
[  601.690407] Element number 39 present in kernel memory de6b6c9c = 596
[  601.697130] Element number 40 present in kernel memory de6b6ca0 = 749
[  601.703900] Element number 41 present in kernel memory de6b6ca4 = 188
[  601.710668] Element number 42 present in kernel memory de6b6ca8 = 853
[  601.717390] Element number 43 present in kernel memory de6b6cac = 127
[  601.724150] Element number 44 present in kernel memory de6b6cb0 = 15
[  601.730913] Element number 45 present in kernel memory de6b6cb4 = 489
[  601.737542] Element number 46 present in kernel memory de6b6cb8 = 809
[  601.744318] Element number 47 present in kernel memory de6b6cbc = 254
[  601.751090] Element number 48 present in kernel memory de6b6cc0 = 162
[  601.757818] Element number 49 present in kernel memory de6b6cc4 = 689
[  601.764591] Element number 50 present in kernel memory de6b6cc8 = 784
[  601.771354] Element number 51 present in kernel memory de6b6ccc = 833
[  601.778090] Printing the sorted array in Kernel Space
[  601.790105] Element number 0 present in kernel memory de6b6c00 = 978
[  601.790116] Element number 1 present in kernel memory de6b6c04 = 972
[  601.796788] Element number 2 present in kernel memory de6b6c08 = 956
[  601.803467] Element number 3 present in kernel memory de6b6c0c = 864
[  601.810098] Element number 4 present in kernel memory de6b6c10 = 853
[  601.816773] Element number 5 present in kernel memory de6b6c14 = 833
[  601.823453] Element number 6 present in kernel memory de6b6c18 = 809
[  601.830087] Element number 7 present in kernel memory de6b6c1c = 784
[  601.836759] Element number 8 present in kernel memory de6b6c20 = 782
[  601.843443] Element number 9 present in kernel memory de6b6c24 = 749
[  601.850078] Element number 10 present in kernel memory de6b6c28 = 740
[  601.856755] Element number 11 present in kernel memory de6b6c2c = 689
[  601.863521] Element number 12 present in kernel memory de6b6c30 = 681
[  601.870289] Element number 13 present in kernel memory de6b6c34 = 672
[  601.877016] Element number 14 present in kernel memory de6b6c38 = 671
[  601.883789] Element number 15 present in kernel memory de6b6c3c = 625
[  601.890548] Element number 16 present in kernel memory de6b6c40 = 609
[  601.897279] Element number 17 present in kernel memory de6b6c44 = 596
[  601.904041] Element number 18 present in kernel memory de6b6c48 = 592
[  601.910813] Element number 19 present in kernel memory de6b6c4c = 566
[  601.917542] Element number 20 present in kernel memory de6b6c50 = 555
[  601.924321] Element number 21 present in kernel memory de6b6c54 = 528
[  601.931082] Element number 22 present in kernel memory de6b6c58 = 489
[  601.937807] Element number 23 present in kernel memory de6b6c5c = 474
[  601.944569] Element number 24 present in kernel memory de6b6c60 = 474
[  601.951344] Element number 25 present in kernel memory de6b6c64 = 446
[  601.958067] Element number 26 present in kernel memory de6b6c68 = 425
[  601.964838] Element number 27 present in kernel memory de6b6c6c = 410
[  601.971599] Element number 28 present in kernel memory de6b6c70 = 378
[  601.978315] Element number 29 present in kernel memory de6b6c74 = 343
[  601.985085] Element number 30 present in kernel memory de6b6c78 = 298
[  601.991857] Element number 31 present in kernel memory de6b6c7c = 284
[  601.998583] Element number 32 present in kernel memory de6b6c80 = 261
[  602.005361] Element number 33 present in kernel memory de6b6c84 = 257
[  602.012136] Element number 34 present in kernel memory de6b6c88 = 255
[  602.018864] Element number 35 present in kernel memory de6b6c8c = 254
[  602.025632] Element number 36 present in kernel memory de6b6c90 = 239
[  602.032407] Element number 37 present in kernel memory de6b6c94 = 238
[  602.039129] Element number 38 present in kernel memory de6b6c98 = 211
[  602.045895] Element number 39 present in kernel memory de6b6c9c = 188
[  602.052661] Element number 40 present in kernel memory de6b6ca0 = 182
[  602.059379] Element number 41 present in kernel memory de6b6ca4 = 178
[  602.066146] Element number 42 present in kernel memory de6b6ca8 = 162
[  602.072914] Element number 43 present in kernel memory de6b6cac = 133
[  602.079639] Element number 44 present in kernel memory de6b6cb0 = 127
[  602.086417] Element number 45 present in kernel memory de6b6cb4 = 102
[  602.093183] Element number 46 present in kernel memory de6b6cb8 = 95
[  602.099905] Element number 47 present in kernel memory de6b6cbc = 61
[  602.106579] Element number 48 present in kernel memory de6b6cc0 = 51
[  602.113250] Element number 49 present in kernel memory de6b6cc4 = 43
[  602.119887] Element number 50 present in kernel memory de6b6cc8 = 36
[  602.126560] Element number 51 present in kernel memory de6b6ccc = 15
[  602.133245] Exiting from the system call
[ 1201.191182] Entering into the System Call
[ 1201.199490] Printing the unsorted array in Kernel Space
[ 1201.205186] Element number 0 present in kernel memory de681c00 = 517
[ 1201.205199] Element number 1 present in kernel memory de681c04 = 176
[ 1201.211914] Element number 2 present in kernel memory de681c08 = 759
[ 1201.218558] Element number 3 present in kernel memory de681c0c = 82
[ 1201.225235] Element number 4 present in kernel memory de681c10 = 298
[ 1201.231842] Element number 5 present in kernel memory de681c14 = 372
[ 1201.238478] Element number 6 present in kernel memory de681c18 = 194
[ 1201.245150] Element number 7 present in kernel memory de681c1c = 509
[ 1201.251828] Element number 8 present in kernel memory de681c20 = 578
[ 1201.258459] Element number 9 present in kernel memory de681c24 = 68
[ 1201.265139] Element number 10 present in kernel memory de681c28 = 824
[ 1201.271727] Element number 11 present in kernel memory de681c2c = 705
[ 1201.278451] Element number 12 present in kernel memory de681c30 = 50
[ 1201.285217] Element number 13 present in kernel memory de681c34 = 420
[ 1201.291901] Element number 14 present in kernel memory de681c38 = 147
[ 1201.298627] Element number 15 present in kernel memory de681c3c = 821
[ 1201.305391] Element number 16 present in kernel memory de681c40 = 83
[ 1201.312159] Element number 17 present in kernel memory de681c44 = 678
[ 1201.318792] Element number 18 present in kernel memory de681c48 = 875
[ 1201.325562] Element number 19 present in kernel memory de681c4c = 973
[ 1201.332331] Element number 20 present in kernel memory de681c50 = 686
[ 1201.339061] Element number 21 present in kernel memory de681c54 = 509
[ 1201.345827] Element number 22 present in kernel memory de681c58 = 760
[ 1201.352594] Element number 23 present in kernel memory de681c5c = 462
[ 1201.359319] Element number 24 present in kernel memory de681c60 = 411
[ 1201.366091] Element number 25 present in kernel memory de681c64 = 608
[ 1201.372857] Element number 26 present in kernel memory de681c68 = 623
[ 1201.379579] Element number 27 present in kernel memory de681c6c = 952
[ 1201.386337] Element number 28 present in kernel memory de681c70 = 619
[ 1201.393102] Element number 29 present in kernel memory de681c74 = 863
[ 1201.399818] Element number 30 present in kernel memory de681c78 = 558
[ 1201.406583] Element number 31 present in kernel memory de681c7c = 137
[ 1201.413351] Element number 32 present in kernel memory de681c80 = 391
[ 1201.420079] Element number 33 present in kernel memory de681c84 = 317
[ 1201.426846] Element number 34 present in kernel memory de681c88 = 571
[ 1201.433618] Element number 35 present in kernel memory de681c8c = 689
[ 1201.440391] Element number 36 present in kernel memory de681c90 = 42
[ 1201.447113] Element number 37 present in kernel memory de681c94 = 765
[ 1201.453784] Element number 38 present in kernel memory de681c98 = 198
[ 1201.460548] Element number 39 present in kernel memory de681c9c = 972
[ 1201.467273] Element number 40 present in kernel memory de681ca0 = 185
[ 1201.474032] Element number 41 present in kernel memory de681ca4 = 374
[ 1201.480796] Element number 42 present in kernel memory de681ca8 = 29
[ 1201.487515] Element number 43 present in kernel memory de681cac = 588
[ 1201.494202] Element number 44 present in kernel memory de681cb0 = 147
[ 1201.500983] Element number 45 present in kernel memory de681cb4 = 528
[ 1201.507700] Element number 46 present in kernel memory de681cb8 = 761
[ 1201.514463] Element number 47 present in kernel memory de681cbc = 582
[ 1201.521232] Element number 48 present in kernel memory de681cc0 = 206
[ 1201.527960] Element number 49 present in kernel memory de681cc4 = 636
[ 1201.534726] Element number 50 present in kernel memory de681cc8 = 907
[ 1201.541489] Element number 51 present in kernel memory de681ccc = 893
[ 1201.548207] Element number 52 present in kernel memory de681cd0 = 145
[ 1201.554978] Element number 53 present in kernel memory de681cd4 = 19
[ 1201.561755] Element number 54 present in kernel memory de681cd8 = 355
[ 1201.568388] Element number 55 present in kernel memory de681cdc = 556
[ 1201.575164] Element number 56 present in kernel memory de681ce0 = 628
[ 1201.581936] Element number 57 present in kernel memory de681ce4 = 330
[ 1201.588659] Element number 58 present in kernel memory de681ce8 = 508
[ 1201.595423] Element number 59 present in kernel memory de681cec = 599
[ 1201.602184] Element number 60 present in kernel memory de681cf0 = 545
[ 1201.608907] Element number 61 present in kernel memory de681cf4 = 418
[ 1201.615678] Element number 62 present in kernel memory de681cf8 = 88
[ 1201.622452] Element number 63 present in kernel memory de681cfc = 936
[ 1201.629088] Element number 64 present in kernel memory de681d00 = 88
[ 1201.635861] Element number 65 present in kernel memory de681d04 = 11
[ 1201.642532] Element number 66 present in kernel memory de681d08 = 977
[ 1201.649164] Element number 67 present in kernel memory de681d0c = 130
[ 1201.655934] Element number 68 present in kernel memory de681d10 = 777
[ 1201.662703] Element number 69 present in kernel memory de681d14 = 528
[ 1201.669435] Element number 70 present in kernel memory de681d18 = 102
[ 1201.676199] Element number 71 present in kernel memory de681d1c = 314
[ 1201.682967] Element number 72 present in kernel memory de681d20 = 254
[ 1201.689685] Element number 73 present in kernel memory de681d24 = 483
[ 1201.696444] Element number 74 present in kernel memory de681d28 = 254
[ 1201.703212] Element number 75 present in kernel memory de681d2c = 401
[ 1201.709938] Element number 76 present in kernel memory de681d30 = 11
[ 1201.716706] Element number 77 present in kernel memory de681d34 = 15
[ 1201.723380] Element number 78 present in kernel memory de681d38 = 336
[ 1201.730015] Element number 79 present in kernel memory de681d3c = 217
[ 1201.736787] Element number 80 present in kernel memory de681d40 = 651
[ 1201.743548] Element number 81 present in kernel memory de681d44 = 595
[ 1201.750312] Element number 82 present in kernel memory de681d48 = 110
[ 1201.757031] Element number 83 present in kernel memory de681d4c = 149
[ 1201.763801] Element number 84 present in kernel memory de681d50 = 615
[ 1201.770569] Element number 85 present in kernel memory de681d54 = 818
[ 1201.777287] Element number 86 present in kernel memory de681d58 = 705
[ 1201.784052] Element number 87 present in kernel memory de681d5c = 243
[ 1201.790820] Element number 88 present in kernel memory de681d60 = 500
[ 1201.797546] Element number 89 present in kernel memory de681d64 = 566
[ 1201.804316] Element number 90 present in kernel memory de681d68 = 194
[ 1201.811103] Element number 91 present in kernel memory de681d6c = 398
[ 1201.817823] Element number 92 present in kernel memory de681d70 = 984
[ 1201.824587] Element number 93 present in kernel memory de681d74 = 283
[ 1201.831358] Element number 94 present in kernel memory de681d78 = 334
[ 1201.838082] Element number 95 present in kernel memory de681d7c = 72
[ 1201.844856] Element number 96 present in kernel memory de681d80 = 294
[ 1201.851534] Element number 97 present in kernel memory de681d84 = 664
[ 1201.858258] Element number 98 present in kernel memory de681d88 = 554
[ 1201.865063] Element number 99 present in kernel memory de681d8c = 423
[ 1201.871836] Element number 100 present in kernel memory de681d90 = 192
[ 1201.878558] Element number 101 present in kernel memory de681d94 = 8
[ 1201.885418] Element number 102 present in kernel memory de681d98 = 90
[ 1201.892092] Element number 103 present in kernel memory de681d9c = 446
[ 1201.898815] Element number 104 present in kernel memory de681da0 = 491
[ 1201.905667] Element number 105 present in kernel memory de681da4 = 344
[ 1201.912520] Element number 106 present in kernel memory de681da8 = 200
[ 1201.919330] Element number 107 present in kernel memory de681dac = 502
[ 1201.926183] Element number 108 present in kernel memory de681db0 = 360
[ 1201.933036] Element number 109 present in kernel memory de681db4 = 888
[ 1201.939848] Element number 110 present in kernel memory de681db8 = 72
[ 1201.946699] Element number 111 present in kernel memory de681dbc = 363
[ 1201.953464] Element number 112 present in kernel memory de681dc0 = 483
[ 1201.960321] Element number 113 present in kernel memory de681dc4 = 534
[ 1201.967131] Element number 114 present in kernel memory de681dc8 = 512
[ 1201.973979] Element number 115 present in kernel memory de681dcc = 98
[ 1201.980826] Element number 116 present in kernel memory de681dd0 = 704
[ 1201.987550] Element number 117 present in kernel memory de681dd4 = 570
[ 1201.994402] Element number 118 present in kernel memory de681dd8 = 693
[ 1202.001264] Element number 119 present in kernel memory de681ddc = 205
[ 1202.008087] Element number 120 present in kernel memory de681de0 = 136
[ 1202.014944] Element number 121 present in kernel memory de681de4 = 888
[ 1202.021798] Element number 122 present in kernel memory de681de8 = 603
[ 1202.028615] Element number 123 present in kernel memory de681dec = 472
[ 1202.035465] Element number 124 present in kernel memory de681df0 = 523
[ 1202.042306] Element number 125 present in kernel memory de681df4 = 289
[ 1202.049119] Element number 126 present in kernel memory de681df8 = 897
[ 1202.055974] Element number 127 present in kernel memory de681dfc = 817
[ 1202.062823] Element number 128 present in kernel memory de681e00 = 953
[ 1202.069633] Element number 129 present in kernel memory de681e04 = 803
[ 1202.076499] Element number 130 present in kernel memory de681e08 = 593
[ 1202.083354] Element number 131 present in kernel memory de681e0c = 497
[ 1202.090218] Element number 132 present in kernel memory de681e10 = 812
[ 1202.097029] Element number 133 present in kernel memory de681e14 = 683
[ 1202.103890] Element number 134 present in kernel memory de681e18 = 944
[ 1202.110737] Element number 135 present in kernel memory de681e1c = 655
[ 1202.117553] Element number 136 present in kernel memory de681e20 = 379
[ 1202.124403] Element number 137 present in kernel memory de681e24 = 496
[ 1202.131256] Element number 138 present in kernel memory de681e28 = 510
[ 1202.138066] Element number 139 present in kernel memory de681e2c = 739
[ 1202.144921] Element number 140 present in kernel memory de681e30 = 384
[ 1202.151779] Element number 141 present in kernel memory de681e34 = 582
[ 1202.158594] Element number 142 present in kernel memory de681e38 = 455
[ 1202.165449] Element number 143 present in kernel memory de681e3c = 867
[ 1202.172305] Element number 144 present in kernel memory de681e40 = 468
[ 1202.179121] Element number 145 present in kernel memory de681e44 = 967
[ 1202.185973] Element number 146 present in kernel memory de681e48 = 318
[ 1202.192829] Element number 147 present in kernel memory de681e4c = 173
[ 1202.199636] Element number 148 present in kernel memory de681e50 = 537
[ 1202.206493] Element number 149 present in kernel memory de681e54 = 11
[ 1202.213344] Element number 150 present in kernel memory de681e58 = 730
[ 1202.220064] Element number 151 present in kernel memory de681e5c = 25
[ 1202.226916] Element number 152 present in kernel memory de681e60 = 251
[ 1202.233677] Element number 153 present in kernel memory de681e64 = 333
[ 1202.240532] Element number 154 present in kernel memory de681e68 = 498
[ 1202.247342] Element number 155 present in kernel memory de681e6c = 774
[ 1202.254191] Element number 156 present in kernel memory de681e70 = 974
[ 1202.261046] Element number 157 present in kernel memory de681e74 = 747
[ 1202.267859] Element number 158 present in kernel memory de681e78 = 944
[ 1202.274709] Element number 159 present in kernel memory de681e7c = 280
[ 1202.281558] Element number 160 present in kernel memory de681e80 = 550
[ 1202.288379] Element number 161 present in kernel memory de681e84 = 537
[ 1202.295227] Element number 162 present in kernel memory de681e88 = 777
[ 1202.302082] Element number 163 present in kernel memory de681e8c = 362
[ 1202.308897] Element number 164 present in kernel memory de681e90 = 220
[ 1202.315756] Element number 165 present in kernel memory de681e94 = 73
[ 1202.322600] Element number 166 present in kernel memory de681e98 = 370
[ 1202.329318] Element number 167 present in kernel memory de681e9c = 599
[ 1202.336172] Element number 168 present in kernel memory de681ea0 = 569
[ 1202.343028] Element number 169 present in kernel memory de681ea4 = 232
[ 1202.349842] Element number 170 present in kernel memory de681ea8 = 691
[ 1202.356704] Element number 171 present in kernel memory de681eac = 305
[ 1202.363556] Element number 172 present in kernel memory de681eb0 = 166
[ 1202.370413] Element number 173 present in kernel memory de681eb4 = 498
[ 1202.377222] Element number 174 present in kernel memory de681eb8 = 525
[ 1202.384066] Element number 175 present in kernel memory de681ebc = 634
[ 1202.390921] Element number 176 present in kernel memory de681ec0 = 465
[ 1202.397733] Element number 177 present in kernel memory de681ec4 = 843
[ 1202.404579] Element number 178 present in kernel memory de681ec8 = 807
[ 1202.411433] Element number 179 present in kernel memory de681ecc = 355
[ 1202.418243] Element number 180 present in kernel memory de681ed0 = 206
[ 1202.425091] Element number 181 present in kernel memory de681ed4 = 537
[ 1202.431944] Element number 182 present in kernel memory de681ed8 = 732
[ 1202.438756] Element number 183 present in kernel memory de681edc = 810
[ 1202.445615] Element number 184 present in kernel memory de681ee0 = 222
[ 1202.452465] Element number 185 present in kernel memory de681ee4 = 230
[ 1202.459276] Element number 186 present in kernel memory de681ee8 = 584
[ 1202.466135] Element number 187 present in kernel memory de681eec = 549
[ 1202.472989] Element number 188 present in kernel memory de681ef0 = 977
[ 1202.479802] Element number 189 present in kernel memory de681ef4 = 528
[ 1202.486640] Element number 190 present in kernel memory de681ef8 = 829
[ 1202.493487] Element number 191 present in kernel memory de681efc = 528
[ 1202.500349] Element number 192 present in kernel memory de681f00 = 65
[ 1202.507168] Element number 193 present in kernel memory de681f04 = 958
[ 1202.513939] Element number 194 present in kernel memory de681f08 = 242
[ 1202.520790] Element number 195 present in kernel memory de681f0c = 637
[ 1202.527613] Element number 196 present in kernel memory de681f10 = 32
[ 1202.534464] Element number 197 present in kernel memory de681f14 = 964
[ 1202.541223] Element number 198 present in kernel memory de681f18 = 589
[ 1202.548039] Element number 199 present in kernel memory de681f1c = 953
[ 1202.554885] Element number 200 present in kernel memory de681f20 = 196
[ 1202.561737] Element number 201 present in kernel memory de681f24 = 632
[ 1202.568553] Element number 202 present in kernel memory de681f28 = 259
[ 1202.575401] Element number 203 present in kernel memory de681f2c = 362
[ 1202.582253] Element number 204 present in kernel memory de681f30 = 130
[ 1202.589080] Element number 205 present in kernel memory de681f34 = 784
[ 1202.595933] Element number 206 present in kernel memory de681f38 = 349
[ 1202.602780] Element number 207 present in kernel memory de681f3c = 947
[ 1202.609594] Element number 208 present in kernel memory de681f40 = 979
[ 1202.616446] Element number 209 present in kernel memory de681f44 = 156
[ 1202.623303] Element number 210 present in kernel memory de681f48 = 302
[ 1202.630108] Element number 211 present in kernel memory de681f4c = 537
[ 1202.636963] Element number 212 present in kernel memory de681f50 = 46
[ 1202.643813] Element number 213 present in kernel memory de681f54 = 387
[ 1202.650573] Element number 214 present in kernel memory de681f58 = 347
[ 1202.657392] Element number 215 present in kernel memory de681f5c = 620
[ 1202.664244] Element number 216 present in kernel memory de681f60 = 617
[ 1202.671107] Element number 217 present in kernel memory de681f64 = 284
[ 1202.677924] Element number 218 present in kernel memory de681f68 = 169
[ 1202.684778] Element number 219 present in kernel memory de681f6c = 947
[ 1202.691635] Element number 220 present in kernel memory de681f70 = 812
[ 1202.698452] Element number 221 present in kernel memory de681f74 = 350
[ 1202.705310] Element number 222 present in kernel memory de681f78 = 827
[ 1202.712158] Element number 223 present in kernel memory de681f7c = 230
[ 1202.718976] Element number 224 present in kernel memory de681f80 = 309
[ 1202.725827] Element number 225 present in kernel memory de681f84 = 421
[ 1202.732678] Element number 226 present in kernel memory de681f88 = 219
[ 1202.739497] Element number 227 present in kernel memory de681f8c = 341
[ 1202.746351] Element number 228 present in kernel memory de681f90 = 738
[ 1202.753201] Element number 229 present in kernel memory de681f94 = 808
[ 1202.760017] Element number 230 present in kernel memory de681f98 = 294
[ 1202.766870] Element number 231 present in kernel memory de681f9c = 934
[ 1202.773721] Element number 232 present in kernel memory de681fa0 = 792
[ 1202.780572] Element number 233 present in kernel memory de681fa4 = 905
[ 1202.787387] Element number 234 present in kernel memory de681fa8 = 649
[ 1202.794240] Element number 235 present in kernel memory de681fac = 922
[ 1202.801087] Element number 236 present in kernel memory de681fb0 = 41
[ 1202.807906] Element number 237 present in kernel memory de681fb4 = 998
[ 1202.814663] Element number 238 present in kernel memory de681fb8 = 870
[ 1202.821520] Element number 239 present in kernel memory de681fbc = 372
[ 1202.828335] Element number 240 present in kernel memory de681fc0 = 506
[ 1202.835186] Element number 241 present in kernel memory de681fc4 = 524
[ 1202.842045] Element number 242 present in kernel memory de681fc8 = 910
[ 1202.848862] Element number 243 present in kernel memory de681fcc = 552
[ 1202.855721] Element number 244 present in kernel memory de681fd0 = 911
[ 1202.862583] Element number 245 present in kernel memory de681fd4 = 609
[ 1202.869452] Printing the sorted array in Kernel Space
[ 1202.881604] Element number 0 present in kernel memory de681c00 = 998
[ 1202.881614] Element number 1 present in kernel memory de681c04 = 984
[ 1202.888249] Element number 2 present in kernel memory de681c08 = 979
[ 1202.894914] Element number 3 present in kernel memory de681c0c = 977
[ 1202.901591] Element number 4 present in kernel memory de681c10 = 977
[ 1202.908225] Element number 5 present in kernel memory de681c14 = 974
[ 1202.914892] Element number 6 present in kernel memory de681c18 = 973
[ 1202.921565] Element number 7 present in kernel memory de681c1c = 972
[ 1202.928203] Element number 8 present in kernel memory de681c20 = 967
[ 1202.934883] Element number 9 present in kernel memory de681c24 = 964
[ 1202.941555] Element number 10 present in kernel memory de681c28 = 958
[ 1202.948193] Element number 11 present in kernel memory de681c2c = 953
[ 1202.954963] Element number 12 present in kernel memory de681c30 = 953
[ 1202.961738] Element number 13 present in kernel memory de681c34 = 952
[ 1202.968466] Element number 14 present in kernel memory de681c38 = 947
[ 1202.975222] Element number 15 present in kernel memory de681c3c = 947
[ 1202.981986] Element number 16 present in kernel memory de681c40 = 944
[ 1202.988711] Element number 17 present in kernel memory de681c44 = 944
[ 1202.995480] Element number 18 present in kernel memory de681c48 = 936
[ 1203.002239] Element number 19 present in kernel memory de681c4c = 934
[ 1203.008962] Element number 20 present in kernel memory de681c50 = 922
[ 1203.015726] Element number 21 present in kernel memory de681c54 = 911
[ 1203.022481] Element number 22 present in kernel memory de681c58 = 910
[ 1203.029207] Element number 23 present in kernel memory de681c5c = 907
[ 1203.035968] Element number 24 present in kernel memory de681c60 = 905
[ 1203.042741] Element number 25 present in kernel memory de681c64 = 897
[ 1203.049462] Element number 26 present in kernel memory de681c68 = 893
[ 1203.056233] Element number 27 present in kernel memory de681c6c = 888
[ 1203.063004] Element number 28 present in kernel memory de681c70 = 888
[ 1203.069718] Element number 29 present in kernel memory de681c74 = 875
[ 1203.076473] Element number 30 present in kernel memory de681c78 = 870
[ 1203.083237] Element number 31 present in kernel memory de681c7c = 867
[ 1203.089954] Element number 32 present in kernel memory de681c80 = 863
[ 1203.096717] Element number 33 present in kernel memory de681c84 = 843
[ 1203.103478] Element number 34 present in kernel memory de681c88 = 829
[ 1203.110240] Element number 35 present in kernel memory de681c8c = 827
[ 1203.116963] Element number 36 present in kernel memory de681c90 = 824
[ 1203.123731] Element number 37 present in kernel memory de681c94 = 821
[ 1203.130490] Element number 38 present in kernel memory de681c98 = 818
[ 1203.137213] Element number 39 present in kernel memory de681c9c = 817
[ 1203.143976] Element number 40 present in kernel memory de681ca0 = 812
[ 1203.150738] Element number 41 present in kernel memory de681ca4 = 812
[ 1203.157465] Element number 42 present in kernel memory de681ca8 = 810
[ 1203.164233] Element number 43 present in kernel memory de681cac = 808
[ 1203.170996] Element number 44 present in kernel memory de681cb0 = 807
[ 1203.177730] Element number 45 present in kernel memory de681cb4 = 803
[ 1203.184489] Element number 46 present in kernel memory de681cb8 = 792
[ 1203.191244] Element number 47 present in kernel memory de681cbc = 784
[ 1203.197973] Element number 48 present in kernel memory de681cc0 = 777
[ 1203.204727] Element number 49 present in kernel memory de681cc4 = 777
[ 1203.211485] Element number 50 present in kernel memory de681cc8 = 774
[ 1203.218204] Element number 51 present in kernel memory de681ccc = 765
[ 1203.224963] Element number 52 present in kernel memory de681cd0 = 761
[ 1203.231726] Element number 53 present in kernel memory de681cd4 = 760
[ 1203.238447] Element number 54 present in kernel memory de681cd8 = 759
[ 1203.245201] Element number 55 present in kernel memory de681cdc = 747
[ 1203.251960] Element number 56 present in kernel memory de681ce0 = 739
[ 1203.258685] Element number 57 present in kernel memory de681ce4 = 738
[ 1203.265443] Element number 58 present in kernel memory de681ce8 = 732
[ 1203.272208] Element number 59 present in kernel memory de681cec = 730
[ 1203.278930] Element number 60 present in kernel memory de681cf0 = 705
[ 1203.285696] Element number 61 present in kernel memory de681cf4 = 705
[ 1203.292462] Element number 62 present in kernel memory de681cf8 = 704
[ 1203.299199] Element number 63 present in kernel memory de681cfc = 693
[ 1203.305955] Element number 64 present in kernel memory de681d00 = 691
[ 1203.312718] Element number 65 present in kernel memory de681d04 = 689
[ 1203.319444] Element number 66 present in kernel memory de681d08 = 686
[ 1203.326209] Element number 67 present in kernel memory de681d0c = 683
[ 1203.332970] Element number 68 present in kernel memory de681d10 = 678
[ 1203.339686] Element number 69 present in kernel memory de681d14 = 664
[ 1203.346442] Element number 70 present in kernel memory de681d18 = 655
[ 1203.353203] Element number 71 present in kernel memory de681d1c = 651
[ 1203.359929] Element number 72 present in kernel memory de681d20 = 649
[ 1203.366695] Element number 73 present in kernel memory de681d24 = 637
[ 1203.373458] Element number 74 present in kernel memory de681d28 = 636
[ 1203.380219] Element number 75 present in kernel memory de681d2c = 634
[ 1203.386946] Element number 76 present in kernel memory de681d30 = 632
[ 1203.393715] Element number 77 present in kernel memory de681d34 = 628
[ 1203.400482] Element number 78 present in kernel memory de681d38 = 623
[ 1203.407212] Element number 79 present in kernel memory de681d3c = 620
[ 1203.413976] Element number 80 present in kernel memory de681d40 = 619
[ 1203.420736] Element number 81 present in kernel memory de681d44 = 617
[ 1203.427459] Element number 82 present in kernel memory de681d48 = 615
[ 1203.434230] Element number 83 present in kernel memory de681d4c = 609
[ 1203.440991] Element number 84 present in kernel memory de681d50 = 608
[ 1203.447710] Element number 85 present in kernel memory de681d54 = 603
[ 1203.454474] Element number 86 present in kernel memory de681d58 = 599
[ 1203.461230] Element number 87 present in kernel memory de681d5c = 599
[ 1203.467958] Element number 88 present in kernel memory de681d60 = 595
[ 1203.474713] Element number 89 present in kernel memory de681d64 = 593
[ 1203.481472] Element number 90 present in kernel memory de681d68 = 589
[ 1203.488192] Element number 91 present in kernel memory de681d6c = 588
[ 1203.494963] Element number 92 present in kernel memory de681d70 = 584
[ 1203.501726] Element number 93 present in kernel memory de681d74 = 582
[ 1203.508451] Element number 94 present in kernel memory de681d78 = 582
[ 1203.515207] Element number 95 present in kernel memory de681d7c = 578
[ 1203.521968] Element number 96 present in kernel memory de681d80 = 571
[ 1203.528698] Element number 97 present in kernel memory de681d84 = 570
[ 1203.535453] Element number 98 present in kernel memory de681d88 = 569
[ 1203.542217] Element number 99 present in kernel memory de681d8c = 566
[ 1203.548941] Element number 100 present in kernel memory de681d90 = 558
[ 1203.555706] Element number 101 present in kernel memory de681d94 = 556
[ 1203.562557] Element number 102 present in kernel memory de681d98 = 554
[ 1203.569368] Element number 103 present in kernel memory de681d9c = 552
[ 1203.576229] Element number 104 present in kernel memory de681da0 = 550
[ 1203.583071] Element number 105 present in kernel memory de681da4 = 549
[ 1203.589895] Element number 106 present in kernel memory de681da8 = 545
[ 1203.596748] Element number 107 present in kernel memory de681dac = 537
[ 1203.603601] Element number 108 present in kernel memory de681db0 = 537
[ 1203.610460] Element number 109 present in kernel memory de681db4 = 537
[ 1203.617280] Element number 110 present in kernel memory de681db8 = 537
[ 1203.624131] Element number 111 present in kernel memory de681dbc = 534
[ 1203.630985] Element number 112 present in kernel memory de681dc0 = 528
[ 1203.637791] Element number 113 present in kernel memory de681dc4 = 528
[ 1203.644638] Element number 114 present in kernel memory de681dc8 = 528
[ 1203.651500] Element number 115 present in kernel memory de681dcc = 528
[ 1203.658314] Element number 116 present in kernel memory de681dd0 = 525
[ 1203.665172] Element number 117 present in kernel memory de681dd4 = 524
[ 1203.672024] Element number 118 present in kernel memory de681dd8 = 523
[ 1203.678833] Element number 119 present in kernel memory de681ddc = 517
[ 1203.685689] Element number 120 present in kernel memory de681de0 = 512
[ 1203.692540] Element number 121 present in kernel memory de681de4 = 510
[ 1203.699353] Element number 122 present in kernel memory de681de8 = 509
[ 1203.706205] Element number 123 present in kernel memory de681dec = 509
[ 1203.713054] Element number 124 present in kernel memory de681df0 = 508
[ 1203.719873] Element number 125 present in kernel memory de681df4 = 506
[ 1203.726728] Element number 126 present in kernel memory de681df8 = 502
[ 1203.733577] Element number 127 present in kernel memory de681dfc = 500
[ 1203.740436] Element number 128 present in kernel memory de681e00 = 498
[ 1203.747252] Element number 129 present in kernel memory de681e04 = 498
[ 1203.754105] Element number 130 present in kernel memory de681e08 = 497
[ 1203.760959] Element number 131 present in kernel memory de681e0c = 496
[ 1203.767775] Element number 132 present in kernel memory de681e10 = 491
[ 1203.774635] Element number 133 present in kernel memory de681e14 = 483
[ 1203.781497] Element number 134 present in kernel memory de681e18 = 483
[ 1203.788323] Element number 135 present in kernel memory de681e1c = 472
[ 1203.795168] Element number 136 present in kernel memory de681e20 = 468
[ 1203.802028] Element number 137 present in kernel memory de681e24 = 465
[ 1203.808852] Element number 138 present in kernel memory de681e28 = 462
[ 1203.815709] Element number 139 present in kernel memory de681e2c = 455
[ 1203.822559] Element number 140 present in kernel memory de681e30 = 446
[ 1203.829379] Element number 141 present in kernel memory de681e34 = 423
[ 1203.836227] Element number 142 present in kernel memory de681e38 = 421
[ 1203.843079] Element number 143 present in kernel memory de681e3c = 420
[ 1203.849889] Element number 144 present in kernel memory de681e40 = 418
[ 1203.856746] Element number 145 present in kernel memory de681e44 = 411
[ 1203.863598] Element number 146 present in kernel memory de681e48 = 401
[ 1203.870452] Element number 147 present in kernel memory de681e4c = 398
[ 1203.877278] Element number 148 present in kernel memory de681e50 = 391
[ 1203.884131] Element number 149 present in kernel memory de681e54 = 387
[ 1203.890988] Element number 150 present in kernel memory de681e58 = 384
[ 1203.897801] Element number 151 present in kernel memory de681e5c = 379
[ 1203.904658] Element number 152 present in kernel memory de681e60 = 374
[ 1203.911516] Element number 153 present in kernel memory de681e64 = 372
[ 1203.918334] Element number 154 present in kernel memory de681e68 = 372
[ 1203.925189] Element number 155 present in kernel memory de681e6c = 370
[ 1203.932042] Element number 156 present in kernel memory de681e70 = 363
[ 1203.938855] Element number 157 present in kernel memory de681e74 = 362
[ 1203.945719] Element number 158 present in kernel memory de681e78 = 362
[ 1203.952571] Element number 159 present in kernel memory de681e7c = 360
[ 1203.959380] Element number 160 present in kernel memory de681e80 = 355
[ 1203.966226] Element number 161 present in kernel memory de681e84 = 355
[ 1203.973075] Element number 162 present in kernel memory de681e88 = 350
[ 1203.979889] Element number 163 present in kernel memory de681e8c = 349
[ 1203.986748] Element number 164 present in kernel memory de681e90 = 347
[ 1203.993602] Element number 165 present in kernel memory de681e94 = 344
[ 1204.000457] Element number 166 present in kernel memory de681e98 = 341
[ 1204.007264] Element number 167 present in kernel memory de681e9c = 336
[ 1204.014104] Element number 168 present in kernel memory de681ea0 = 334
[ 1204.020955] Element number 169 present in kernel memory de681ea4 = 333
[ 1204.027766] Element number 170 present in kernel memory de681ea8 = 330
[ 1204.034630] Element number 171 present in kernel memory de681eac = 318
[ 1204.041477] Element number 172 present in kernel memory de681eb0 = 317
[ 1204.048299] Element number 173 present in kernel memory de681eb4 = 314
[ 1204.055156] Element number 174 present in kernel memory de681eb8 = 309
[ 1204.062008] Element number 175 present in kernel memory de681ebc = 305
[ 1204.068814] Element number 176 present in kernel memory de681ec0 = 302
[ 1204.075679] Element number 177 present in kernel memory de681ec4 = 298
[ 1204.082535] Element number 178 present in kernel memory de681ec8 = 294
[ 1204.089354] Element number 179 present in kernel memory de681ecc = 294
[ 1204.096212] Element number 180 present in kernel memory de681ed0 = 289
[ 1204.103065] Element number 181 present in kernel memory de681ed4 = 284
[ 1204.109889] Element number 182 present in kernel memory de681ed8 = 283
[ 1204.116751] Element number 183 present in kernel memory de681edc = 280
[ 1204.123607] Element number 184 present in kernel memory de681ee0 = 259
[ 1204.130461] Element number 185 present in kernel memory de681ee4 = 254
[ 1204.137270] Element number 186 present in kernel memory de681ee8 = 254
[ 1204.144124] Element number 187 present in kernel memory de681eec = 251
[ 1204.150979] Element number 188 present in kernel memory de681ef0 = 243
[ 1204.157788] Element number 189 present in kernel memory de681ef4 = 242
[ 1204.164641] Element number 190 present in kernel memory de681ef8 = 232
[ 1204.171495] Element number 191 present in kernel memory de681efc = 230
[ 1204.178306] Element number 192 present in kernel memory de681f00 = 230
[ 1204.185167] Element number 193 present in kernel memory de681f04 = 222
[ 1204.192029] Element number 194 present in kernel memory de681f08 = 220
[ 1204.198848] Element number 195 present in kernel memory de681f0c = 219
[ 1204.205703] Element number 196 present in kernel memory de681f10 = 217
[ 1204.212563] Element number 197 present in kernel memory de681f14 = 206
[ 1204.219379] Element number 198 present in kernel memory de681f18 = 206
[ 1204.226228] Element number 199 present in kernel memory de681f1c = 205
[ 1204.233083] Element number 200 present in kernel memory de681f20 = 200
[ 1204.239902] Element number 201 present in kernel memory de681f24 = 198
[ 1204.246746] Element number 202 present in kernel memory de681f28 = 196
[ 1204.253594] Element number 203 present in kernel memory de681f2c = 194
[ 1204.260456] Element number 204 present in kernel memory de681f30 = 194
[ 1204.267268] Element number 205 present in kernel memory de681f34 = 192
[ 1204.274118] Element number 206 present in kernel memory de681f38 = 185
[ 1204.280969] Element number 207 present in kernel memory de681f3c = 176
[ 1204.287793] Element number 208 present in kernel memory de681f40 = 173
[ 1204.294648] Element number 209 present in kernel memory de681f44 = 169
[ 1204.301498] Element number 210 present in kernel memory de681f48 = 166
[ 1204.308310] Element number 211 present in kernel memory de681f4c = 156
[ 1204.315165] Element number 212 present in kernel memory de681f50 = 149
[ 1204.322015] Element number 213 present in kernel memory de681f54 = 147
[ 1204.328838] Element number 214 present in kernel memory de681f58 = 147
[ 1204.335685] Element number 215 present in kernel memory de681f5c = 145
[ 1204.342535] Element number 216 present in kernel memory de681f60 = 137
[ 1204.349353] Element number 217 present in kernel memory de681f64 = 136
[ 1204.356220] Element number 218 present in kernel memory de681f68 = 130
[ 1204.363077] Element number 219 present in kernel memory de681f6c = 130
[ 1204.369891] Element number 220 present in kernel memory de681f70 = 110
[ 1204.376746] Element number 221 present in kernel memory de681f74 = 102
[ 1204.383593] Element number 222 present in kernel memory de681f78 = 98
[ 1204.390444] Element number 223 present in kernel memory de681f7c = 90
[ 1204.397164] Element number 224 present in kernel memory de681f80 = 88
[ 1204.403927] Element number 225 present in kernel memory de681f84 = 88
[ 1204.410687] Element number 226 present in kernel memory de681f88 = 83
[ 1204.417413] Element number 227 present in kernel memory de681f8c = 82
[ 1204.424171] Element number 228 present in kernel memory de681f90 = 73
[ 1204.430935] Element number 229 present in kernel memory de681f94 = 72
[ 1204.437658] Element number 230 present in kernel memory de681f98 = 72
[ 1204.444416] Element number 231 present in kernel memory de681f9c = 68
[ 1204.451175] Element number 232 present in kernel memory de681fa0 = 65
[ 1204.457888] Element number 233 present in kernel memory de681fa4 = 50
[ 1204.464649] Element number 234 present in kernel memory de681fa8 = 46
[ 1204.471406] Element number 235 present in kernel memory de681fac = 42
[ 1204.478139] Element number 236 present in kernel memory de681fb0 = 41
[ 1204.484907] Element number 237 present in kernel memory de681fb4 = 32
[ 1204.491682] Element number 238 present in kernel memory de681fb8 = 29
[ 1204.498411] Element number 239 present in kernel memory de681fbc = 25
[ 1204.505174] Element number 240 present in kernel memory de681fc0 = 19
[ 1204.511930] Element number 241 present in kernel memory de681fc4 = 15
[ 1204.518659] Element number 242 present in kernel memory de681fc8 = 11
[ 1204.525415] Element number 243 present in kernel memory de681fcc = 11
[ 1204.532173] Element number 244 present in kernel memory de681fd0 = 11
[ 1204.538895] Element number 245 present in kernel memory de681fd4 = 8
[ 1204.545658] Exiting from the system call
[ 1801.828178] Entering into the System Call
[ 1801.836746] Printing the unsorted array in Kernel Space
[ 1801.842305] Element number 0 present in kernel memory de7af300 = 248
[ 1801.842316] Element number 1 present in kernel memory de7af304 = 58
[ 1801.848950] Element number 2 present in kernel memory de7af308 = 951
[ 1801.855538] Element number 3 present in kernel memory de7af30c = 682
[ 1801.862218] Element number 4 present in kernel memory de7af310 = 255
[ 1801.868862] Element number 5 present in kernel memory de7af314 = 612
[ 1801.875538] Element number 6 present in kernel memory de7af318 = 907
[ 1801.882212] Element number 7 present in kernel memory de7af31c = 597
[ 1801.888841] Element number 8 present in kernel memory de7af320 = 273
[ 1801.895509] Element number 9 present in kernel memory de7af324 = 751
[ 1801.902193] Element number 10 present in kernel memory de7af328 = 804
[ 1801.908827] Element number 11 present in kernel memory de7af32c = 24
[ 1801.915593] Element number 12 present in kernel memory de7af330 = 591
[ 1801.922324] Element number 13 present in kernel memory de7af334 = 111
[ 1801.929038] Element number 14 present in kernel memory de7af338 = 360
[ 1801.935805] Element number 15 present in kernel memory de7af33c = 935
[ 1801.942571] Element number 16 present in kernel memory de7af340 = 279
[ 1801.949290] Element number 17 present in kernel memory de7af344 = 32
[ 1801.956064] Element number 18 present in kernel memory de7af348 = 588
[ 1801.962738] Element number 19 present in kernel memory de7af34c = 834
[ 1801.969457] Element number 20 present in kernel memory de7af350 = 376
[ 1801.976221] Element number 21 present in kernel memory de7af354 = 692
[ 1801.982995] Element number 22 present in kernel memory de7af358 = 26
[ 1801.989727] Element number 23 present in kernel memory de7af35c = 456
[ 1801.996408] Element number 24 present in kernel memory de7af360 = 666
[ 1802.003183] Element number 25 present in kernel memory de7af364 = 773
[ 1802.009900] Element number 26 present in kernel memory de7af368 = 132
[ 1802.016678] Element number 27 present in kernel memory de7af36c = 759
[ 1802.023454] Element number 28 present in kernel memory de7af370 = 380
[ 1802.030221] Element number 29 present in kernel memory de7af374 = 498
[ 1802.036949] Element number 30 present in kernel memory de7af378 = 936
[ 1802.043713] Element number 31 present in kernel memory de7af37c = 980
[ 1802.050471] Element number 32 present in kernel memory de7af380 = 557
[ 1802.057185] Element number 33 present in kernel memory de7af384 = 239
[ 1802.063947] Element number 34 present in kernel memory de7af388 = 15
[ 1802.070718] Element number 35 present in kernel memory de7af38c = 164
[ 1802.077352] Element number 36 present in kernel memory de7af390 = 852
[ 1802.084127] Element number 37 present in kernel memory de7af394 = 922
[ 1802.090903] Element number 38 present in kernel memory de7af398 = 761
[ 1802.097631] Element number 39 present in kernel memory de7af39c = 477
[ 1802.104395] Element number 40 present in kernel memory de7af3a0 = 25
[ 1802.111173] Printing the sorted array in Kernel Space
[ 1802.123115] Element number 0 present in kernel memory de7af300 = 980
[ 1802.123125] Element number 1 present in kernel memory de7af304 = 951
[ 1802.129766] Element number 2 present in kernel memory de7af308 = 936
[ 1802.136441] Element number 3 present in kernel memory de7af30c = 935
[ 1802.143114] Element number 4 present in kernel memory de7af310 = 922
[ 1802.149751] Element number 5 present in kernel memory de7af314 = 907
[ 1802.156435] Element number 6 present in kernel memory de7af318 = 852
[ 1802.163104] Element number 7 present in kernel memory de7af31c = 834
[ 1802.169730] Element number 8 present in kernel memory de7af320 = 804
[ 1802.176409] Element number 9 present in kernel memory de7af324 = 773
[ 1802.183086] Element number 10 present in kernel memory de7af328 = 761
[ 1802.189725] Element number 11 present in kernel memory de7af32c = 759
[ 1802.196493] Element number 12 present in kernel memory de7af330 = 751
[ 1802.203253] Element number 13 present in kernel memory de7af334 = 692
[ 1802.209982] Element number 14 present in kernel memory de7af338 = 682
[ 1802.216743] Element number 15 present in kernel memory de7af33c = 666
[ 1802.223509] Element number 16 present in kernel memory de7af340 = 612
[ 1802.230277] Element number 17 present in kernel memory de7af344 = 597
[ 1802.236993] Element number 18 present in kernel memory de7af348 = 591
[ 1802.243762] Element number 19 present in kernel memory de7af34c = 588
[ 1802.250526] Element number 20 present in kernel memory de7af350 = 557
[ 1802.257241] Element number 21 present in kernel memory de7af354 = 498
[ 1802.263997] Element number 22 present in kernel memory de7af358 = 477
[ 1802.270762] Element number 23 present in kernel memory de7af35c = 456
[ 1802.277473] Element number 24 present in kernel memory de7af360 = 380
[ 1802.284261] Element number 25 present in kernel memory de7af364 = 376
[ 1802.291035] Element number 26 present in kernel memory de7af368 = 360
[ 1802.297755] Element number 27 present in kernel memory de7af36c = 279
[ 1802.304523] Element number 28 present in kernel memory de7af370 = 273
[ 1802.311292] Element number 29 present in kernel memory de7af374 = 255
[ 1802.318007] Element number 30 present in kernel memory de7af378 = 248
[ 1802.324775] Element number 31 present in kernel memory de7af37c = 239
[ 1802.331542] Element number 32 present in kernel memory de7af380 = 164
[ 1802.338274] Element number 33 present in kernel memory de7af384 = 132
[ 1802.345031] Element number 34 present in kernel memory de7af388 = 111
[ 1802.351805] Element number 35 present in kernel memory de7af38c = 58
[ 1802.358525] Element number 36 present in kernel memory de7af390 = 32
[ 1802.365209] Element number 37 present in kernel memory de7af394 = 26
[ 1802.371881] Element number 38 present in kernel memory de7af398 = 25
[ 1802.378509] Element number 39 present in kernel memory de7af39c = 24
[ 1802.385190] Element number 40 present in kernel memory de7af3a0 = 15
